<?xml version="1.0" encoding="UTF-8"?>
<!-- Generated by org.testng.reporters.JUnitXMLReporter -->
<testsuite hostname="SBWIN595" ignored="0" name="Default test" tests="8" failures="0" timestamp="2021-02-25T13:17:20 IST" time="1.336" errors="0">
  <testcase name="@BeforeClass setUp" time="-1.614239239377E9" classname="com.nordson.testCases.BaseClass">
    <failure type="org.testng.TestNGException" message="
Parameter &amp;apos;browser&amp;apos; is required by BeforeClass on method setUp but has not been marked @Optional or defined
in C:\Users\Jayasena\AppData\Local\Temp\testng-eclipse--1157426182\testng-customsuite.xml">
      <![CDATA[org.testng.TestNGException: 
Parameter 'browser' is required by BeforeClass on method setUp but has not been marked @Optional or defined
in C:\Users\Jayasena\AppData\Local\Temp\testng-eclipse--1157426182\testng-customsuite.xml
at org.testng.internal.Parameters.createParams(Parameters.java:272)
at org.testng.internal.Parameters.createParametersForMethod(Parameters.java:360)
at org.testng.internal.Parameters.createParameters(Parameters.java:704)
at org.testng.internal.Parameters.createConfigurationParameters(Parameters.java:166)
at org.testng.internal.ConfigInvoker.invokeConfigurations(ConfigInvoker.java:283)
at org.testng.internal.TestMethodWorker.invokeBeforeClassMethods(TestMethodWorker.java:176)
at org.testng.internal.TestMethodWorker.run(TestMethodWorker.java:122)
at java.util.ArrayList.forEach(ArrayList.java:1259)
at org.testng.TestRunner.privateRun(TestRunner.java:766)
at org.testng.TestRunner.run(TestRunner.java:587)
at org.testng.SuiteRunner.runTest(SuiteRunner.java:384)
at org.testng.SuiteRunner.runSequentially(SuiteRunner.java:378)
at org.testng.SuiteRunner.privateRun(SuiteRunner.java:337)
at org.testng.SuiteRunner.run(SuiteRunner.java:286)
at org.testng.SuiteRunnerWorker.runSuite(SuiteRunnerWorker.java:53)
at org.testng.SuiteRunnerWorker.run(SuiteRunnerWorker.java:96)
at org.testng.TestNG.runSuitesSequentially(TestNG.java:1187)
at org.testng.TestNG.runSuitesLocally(TestNG.java:1109)
at org.testng.TestNG.runSuites(TestNG.java:1039)
at org.testng.TestNG.run(TestNG.java:1007)
at org.testng.remote.AbstractRemoteTestNG.run(AbstractRemoteTestNG.java:115)
at org.testng.remote.RemoteTestNG.initAndRun(RemoteTestNG.java:251)
at org.testng.remote.RemoteTestNG.main(RemoteTestNG.java:77)
]]>
    </failure>
  </testcase> <!-- @BeforeClass setUp -->
  <testcase name="@AfterClass tearDown" time="-1.614239240695E9" classname="com.nordson.testCases.BaseClass">
    <skipped/>
  </testcase> <!-- @AfterClass tearDown -->
  <testcase name="loginDDT" time="0.0" classname="com.nordson.testCases.TC_LoginTest_DDT_001">
    <skipped/>
  </testcase> <!-- loginDDT -->
  <testcase name="Test_RuntimeMinmaxGlobalPointValidations" time="0.0" classname="com.nordson.testCases.TC_RuntimeMinmax_TemperatureTest">
    <skipped/>
  </testcase> <!-- Test_RuntimeMinmaxGlobalPointValidations -->
  <testcase name="Test_Runtime_Farnhit_MinmaxGlobalPointValidations" time="0.0" classname="com.nordson.testCases.TC_RuntimeMinmax_TemperatureTest">
    <skipped/>
  </testcase> <!-- Test_Runtime_Farnhit_MinmaxGlobalPointValidations -->
  <testcase name="Test_Celsius_RuntimeMinmaxTankval" time="0.0" classname="com.nordson.testCases.TC_RuntimeMinmax_TemperatureTest">
    <skipped/>
  </testcase> <!-- Test_Celsius_RuntimeMinmaxTankval -->
  <testcase name="Test_Farnhit_RuntimeMinmaxTankval" time="0.0" classname="com.nordson.testCases.TC_RuntimeMinmax_TemperatureTest">
    <skipped/>
  </testcase> <!-- Test_Farnhit_RuntimeMinmaxTankval -->
  <testcase name="Test_Celsius_RuntimeMinmaxHoseval" time="0.0" classname="com.nordson.testCases.TC_RuntimeMinmax_TemperatureTest">
    <skipped/>
  </testcase> <!-- Test_Celsius_RuntimeMinmaxHoseval -->
  <testcase name="Test_Farnhit_RuntimeMinmaxHoseApplicator1val" time="0.0" classname="com.nordson.testCases.TC_RuntimeMinmax_TemperatureTest">
    <skipped/>
  </testcase> <!-- Test_Farnhit_RuntimeMinmaxHoseApplicator1val -->
  <testcase name="Test_farnhit_ToCelsius_RuntimeSetttings_Conversion" time="0.0" classname="com.nordson.testCases.TC_RuntimeMinmax_TemperatureTest">
    <skipped/>
  </testcase> <!-- Test_farnhit_ToCelsius_RuntimeSetttings_Conversion -->
</testsuite> <!-- Default test -->
