<!DOCTYPE html PUBLIC "-//W3C//DTD XHTML 1.1//EN" "http://www.w3.org/TR/xhtml11/DTD/xhtml11.dtd">
<html xmlns="http://www.w3.org/1999/xhtml">
<head>
<meta http-equiv="content-type" content="text/html; charset=UTF-8"/>
<title>TestNG Report</title>
<style type="text/css">table {margin-bottom:10px;border-collapse:collapse;empty-cells:show}th,td {border:1px solid #009;padding:.25em .5em}th {vertical-align:bottom}td {vertical-align:top}table a {font-weight:bold}.stripe td {background-color: #E6EBF9}.num {text-align:right}.passedodd td {background-color: #3F3}.passedeven td {background-color: #0A0}.skippedodd td {background-color: #DDD}.skippedeven td {background-color: #CCC}.failedodd td,.attn {background-color: #F33}.failedeven td,.stripe .attn {background-color: #D00}.stacktrace {white-space:pre;font-family:monospace}.totop {font-size:85%;text-align:center;border-bottom:2px solid #000}.invisible {display:none}</style>
</head>
<body>
<table>
<tr><th>Test</th><th># Passed</th><th># Skipped</th><th># Retried</th><th># Failed</th><th>Time (ms)</th><th>Included Groups</th><th>Excluded Groups</th></tr>
<tr><th colspan="8">Nordson OMU Web App Regression Tests on Chrome</th></tr>
<tr><td><a href="#t0">Nordson OMU Web App Regression Tests on Chrome</a></td><td class="num">1</td><td class="num attn">5</td><td class="num">0</td><td class="num attn">2</td><td class="num">63,147</td><td></td><td></td></tr>
</table>
<table id='summary'><thead><tr><th>Class</th><th>Method</th><th>Start</th><th>Time (ms)</th></tr></thead><tbody><tr><th colspan="4">Nordson OMU Web App Regression Tests on Chrome</th></tr></tbody><tbody id="t0"><tr><th colspan="4">Nordson OMU Web App Regression Tests on Chrome &#8212; failed</th></tr><tr class="failedeven"><td rowspan="2">com.nordson.testCases.TC_RuntimeMinmax_TemperatureTest</td><td><a href="#m0">Test_RuntimeMinmaxGlobalPointValidations</a></td><td rowspan="1">1614249708017</td><td rowspan="1">30875</td></tr><tr class="failedeven"><td><a href="#m1">Test_farnhit_ToCelsius_RuntimeSetttings_Conversion</a></td><td rowspan="1">1614249739398</td><td rowspan="1">9985</td></tr><tr><th colspan="4">Nordson OMU Web App Regression Tests on Chrome &#8212; skipped</th></tr><tr class="skippedeven"><td rowspan="5">com.nordson.testCases.TC_RuntimeMinmax_TemperatureTest</td><td><a href="#m2">Test_Celsius_RuntimeMinmaxHoseval</a></td><td rowspan="1">1614249739298</td><td rowspan="1">0</td></tr><tr class="skippedeven"><td><a href="#m3">Test_Celsius_RuntimeMinmaxTankval</a></td><td rowspan="1">1614249739107</td><td rowspan="1">0</td></tr><tr class="skippedeven"><td><a href="#m4">Test_Farnhit_RuntimeMinmaxHoseApplicator1val</a></td><td rowspan="1">1614249739380</td><td rowspan="1">0</td></tr><tr class="skippedeven"><td><a href="#m5">Test_Farnhit_RuntimeMinmaxTankval</a></td><td rowspan="1">1614249739197</td><td rowspan="1">0</td></tr><tr class="skippedeven"><td><a href="#m6">Test_Runtime_Farnhit_MinmaxGlobalPointValidations</a></td><td rowspan="1">1614249739002</td><td rowspan="1">0</td></tr><tr><th colspan="4">Nordson OMU Web App Regression Tests on Chrome &#8212; passed</th></tr><tr class="passedeven"><td rowspan="1">com.nordson.testCases.TC_RuntimeMinmax_TemperatureTest</td><td><a href="#m7">loginDDT</a></td><td rowspan="1">1614249700263</td><td rowspan="1">7404</td></tr></tbody>
</table>
<h2>Nordson OMU Web App Regression Tests on Chrome</h2><h3 id="m0">com.nordson.testCases.TC_RuntimeMinmax_TemperatureTest#Test_RuntimeMinmaxGlobalPointValidations</h3><table class="result"><tr class="param"><th>Parameter #1</th><th>Parameter #2</th><th>Parameter #3</th></tr><tr class="param stripe"><td>39</td><td>233</td><td>137</td></tr><tr><th colspan="3">Exception</th></tr><tr><td colspan="3"><div class="stacktrace">org.openqa.selenium.ElementClickInterceptedException: element click intercepted: Element &lt;button _ngcontent-buh-c16=&quot;&quot; class=&quot;apply btn submit-bt&quot; type=&quot;submit&quot; disabled=&quot;&quot;&gt;...&lt;/button&gt; is not clickable at point (1270, 97). Other element would receive the click: &lt;p _ngcontent-buh-c16=&quot;&quot; class=&quot;right-align&quot;&gt;...&lt;/p&gt;
  (Session info: chrome=88.0.4324.182)
Build info: version: &apos;3.141.59&apos;, revision: &apos;e82be7d358&apos;, time: &apos;2018-11-14T08:17:03&apos;
System info: host: &apos;SBWIN595&apos;, ip: &apos;192.168.225.178&apos;, os.name: &apos;Windows 10&apos;, os.arch: &apos;amd64&apos;, os.version: &apos;10.0&apos;, java.version: &apos;1.8.0_281&apos;
Driver info: org.openqa.selenium.chrome.ChromeDriver
Capabilities {acceptInsecureCerts: false, browserName: chrome, browserVersion: 88.0.4324.182, chrome: {chromedriverVersion: 88.0.4324.96 (68dba2d8a0b14..., userDataDir: C:\Users\Jayasena\AppData\L...}, goog:chromeOptions: {debuggerAddress: localhost:52484}, javascriptEnabled: true, networkConnectionEnabled: false, pageLoadStrategy: normal, platform: WINDOWS, platformName: WINDOWS, proxy: Proxy(), setWindowRect: true, strictFileInteractability: false, timeouts: {implicit: 0, pageLoad: 300000, script: 30000}, unhandledPromptBehavior: dismiss and notify, webauthn:extension:largeBlob: true, webauthn:virtualAuthenticators: true}
Session ID: de1c96e319e773afca46ac477f4382ab
	at org.openqa.selenium.remote.http.W3CHttpResponseCodec.createException(W3CHttpResponseCodec.java:187)
	at org.openqa.selenium.remote.http.W3CHttpResponseCodec.decode(W3CHttpResponseCodec.java:122)
	at org.openqa.selenium.remote.http.W3CHttpResponseCodec.decode(W3CHttpResponseCodec.java:49)
	at org.openqa.selenium.remote.HttpCommandExecutor.execute(HttpCommandExecutor.java:158)
	at org.openqa.selenium.remote.service.DriverCommandExecutor.execute(DriverCommandExecutor.java:83)
	at org.openqa.selenium.remote.RemoteWebDriver.execute(RemoteWebDriver.java:552)
	at org.openqa.selenium.remote.RemoteWebElement.execute(RemoteWebElement.java:285)
	at org.openqa.selenium.remote.RemoteWebElement.click(RemoteWebElement.java:84)
	at org.openqa.selenium.support.pagefactory.internal.LocatingElementHandler.invoke(LocatingElementHandler.java:51)
	at com.sun.proxy.$Proxy15.click(Unknown Source)
	at com.nordson.pageObjects.TemperatureRuntimeSettings.clickSavebtn(TemperatureRuntimeSettings.java:279)
	at com.nordson.testCases.TC_RuntimeMinmax_TemperatureTest.Test_RuntimeMinmaxGlobalPointValidations(TC_RuntimeMinmax_TemperatureTest.java:87)
	at java.util.ArrayList.forEach(ArrayList.java:1259)
... Removed 35 stack frames</div></td></tr></table><p class="totop"><a href="#summary">back to summary</a></p>
<h3 id="m1">com.nordson.testCases.TC_RuntimeMinmax_TemperatureTest#Test_farnhit_ToCelsius_RuntimeSetttings_Conversion</h3><table class="result"><tr><th>Exception</th></tr><tr><td><div class="stacktrace">org.openqa.selenium.ElementClickInterceptedException: element click intercepted: Element &lt;button _ngcontent-buh-c20=&quot;&quot; class=&quot;btn apply&quot; type=&quot;submit&quot; disabled=&quot;&quot;&gt;...&lt;/button&gt; is not clickable at point (1276, 109). Other element would receive the click: &lt;div _ngcontent-buh-c20=&quot;&quot; class=&quot;right pad-tp-50-responsive&quot;&gt;...&lt;/div&gt;
  (Session info: chrome=88.0.4324.182)
Build info: version: &apos;3.141.59&apos;, revision: &apos;e82be7d358&apos;, time: &apos;2018-11-14T08:17:03&apos;
System info: host: &apos;SBWIN595&apos;, ip: &apos;192.168.225.178&apos;, os.name: &apos;Windows 10&apos;, os.arch: &apos;amd64&apos;, os.version: &apos;10.0&apos;, java.version: &apos;1.8.0_281&apos;
Driver info: org.openqa.selenium.chrome.ChromeDriver
Capabilities {acceptInsecureCerts: false, browserName: chrome, browserVersion: 88.0.4324.182, chrome: {chromedriverVersion: 88.0.4324.96 (68dba2d8a0b14..., userDataDir: C:\Users\Jayasena\AppData\L...}, goog:chromeOptions: {debuggerAddress: localhost:52484}, javascriptEnabled: true, networkConnectionEnabled: false, pageLoadStrategy: normal, platform: WINDOWS, platformName: WINDOWS, proxy: Proxy(), setWindowRect: true, strictFileInteractability: false, timeouts: {implicit: 0, pageLoad: 300000, script: 30000}, unhandledPromptBehavior: dismiss and notify, webauthn:extension:largeBlob: true, webauthn:virtualAuthenticators: true}
Session ID: de1c96e319e773afca46ac477f4382ab
	at org.openqa.selenium.remote.http.W3CHttpResponseCodec.createException(W3CHttpResponseCodec.java:187)
	at org.openqa.selenium.remote.http.W3CHttpResponseCodec.decode(W3CHttpResponseCodec.java:122)
	at org.openqa.selenium.remote.http.W3CHttpResponseCodec.decode(W3CHttpResponseCodec.java:49)
	at org.openqa.selenium.remote.HttpCommandExecutor.execute(HttpCommandExecutor.java:158)
	at org.openqa.selenium.remote.service.DriverCommandExecutor.execute(DriverCommandExecutor.java:83)
	at org.openqa.selenium.remote.RemoteWebDriver.execute(RemoteWebDriver.java:552)
	at org.openqa.selenium.remote.RemoteWebElement.execute(RemoteWebElement.java:285)
	at org.openqa.selenium.remote.RemoteWebElement.click(RemoteWebElement.java:84)
	at org.openqa.selenium.support.pagefactory.internal.LocatingElementHandler.invoke(LocatingElementHandler.java:51)
	at com.sun.proxy.$Proxy15.click(Unknown Source)
	at com.nordson.pageObjects.TemperatureRuntimeSettings.clickSave(TemperatureRuntimeSettings.java:272)
	at com.nordson.testCases.TC_RuntimeMinmax_TemperatureTest.Test_farnhit_ToCelsius_RuntimeSetttings_Conversion(TC_RuntimeMinmax_TemperatureTest.java:1148)
	at java.util.ArrayList.forEach(ArrayList.java:1259)
... Removed 35 stack frames</div></td></tr></table><p class="totop"><a href="#summary">back to summary</a></p>
<h3 id="m2">com.nordson.testCases.TC_RuntimeMinmax_TemperatureTest#Test_Celsius_RuntimeMinmaxHoseval</h3><table class="result"><tr><th>Exception</th></tr><tr><td><div class="stacktrace">java.lang.RuntimeException: java.lang.NullPointerException
	at java.util.ArrayList.forEach(ArrayList.java:1259)
Caused by: java.lang.NullPointerException
	at org.apache.poi.xssf.usermodel.XSSFWorkbook.getSheet(XSSFWorkbook.java:1137)
	at com.nordson.utilities.XLUtils.getRowCount(XLUtils.java:28)
	at com.nordson.utilities.XLUtils.getData(XLUtils.java:85)
	... 25 more
... Removed 32 stack frames</div></td></tr></table><p class="totop"><a href="#summary">back to summary</a></p>
<h3 id="m3">com.nordson.testCases.TC_RuntimeMinmax_TemperatureTest#Test_Celsius_RuntimeMinmaxTankval</h3><table class="result"><tr><th>Exception</th></tr><tr><td><div class="stacktrace">java.lang.RuntimeException: java.lang.NullPointerException
	at java.util.ArrayList.forEach(ArrayList.java:1259)
Caused by: java.lang.NullPointerException
	at org.apache.poi.xssf.usermodel.XSSFWorkbook.getSheet(XSSFWorkbook.java:1137)
	at com.nordson.utilities.XLUtils.getRowCount(XLUtils.java:28)
	at com.nordson.utilities.XLUtils.getData(XLUtils.java:85)
	... 25 more
... Removed 32 stack frames</div></td></tr></table><p class="totop"><a href="#summary">back to summary</a></p>
<h3 id="m4">com.nordson.testCases.TC_RuntimeMinmax_TemperatureTest#Test_Farnhit_RuntimeMinmaxHoseApplicator1val</h3><table class="result"><tr><th>Exception</th></tr><tr><td><div class="stacktrace">java.lang.RuntimeException: java.lang.NullPointerException
	at java.util.ArrayList.forEach(ArrayList.java:1259)
Caused by: java.lang.NullPointerException
	at org.apache.poi.xssf.usermodel.XSSFWorkbook.getSheet(XSSFWorkbook.java:1137)
	at com.nordson.utilities.XLUtils.getRowCount(XLUtils.java:28)
	at com.nordson.utilities.XLUtils.getData(XLUtils.java:85)
	... 25 more
... Removed 32 stack frames</div></td></tr></table><p class="totop"><a href="#summary">back to summary</a></p>
<h3 id="m5">com.nordson.testCases.TC_RuntimeMinmax_TemperatureTest#Test_Farnhit_RuntimeMinmaxTankval</h3><table class="result"><tr><th>Exception</th></tr><tr><td><div class="stacktrace">java.lang.RuntimeException: java.lang.NullPointerException
	at java.util.ArrayList.forEach(ArrayList.java:1259)
Caused by: java.lang.NullPointerException
	at org.apache.poi.xssf.usermodel.XSSFWorkbook.getSheet(XSSFWorkbook.java:1137)
	at com.nordson.utilities.XLUtils.getRowCount(XLUtils.java:28)
	at com.nordson.utilities.XLUtils.getData(XLUtils.java:85)
	... 25 more
... Removed 32 stack frames</div></td></tr></table><p class="totop"><a href="#summary">back to summary</a></p>
<h3 id="m6">com.nordson.testCases.TC_RuntimeMinmax_TemperatureTest#Test_Runtime_Farnhit_MinmaxGlobalPointValidations</h3><table class="result"><tr><th>Exception</th></tr><tr><td><div class="stacktrace">java.lang.RuntimeException: java.lang.NullPointerException
	at java.util.ArrayList.forEach(ArrayList.java:1259)
Caused by: java.lang.NullPointerException
	at org.apache.poi.xssf.usermodel.XSSFWorkbook.getSheet(XSSFWorkbook.java:1137)
	at com.nordson.utilities.XLUtils.getRowCount(XLUtils.java:28)
	at com.nordson.utilities.XLUtils.getData(XLUtils.java:85)
	... 25 more
... Removed 32 stack frames</div></td></tr></table><p class="totop"><a href="#summary">back to summary</a></p>
<h3 id="m7">com.nordson.testCases.TC_RuntimeMinmax_TemperatureTest#loginDDT</h3><table class="result"><tr class="param"><th>Parameter #1</th><th>Parameter #2</th></tr><tr class="param stripe"><td>raviuser@yopmail.com</td><td>12345678</td></tr></table><p class="totop"><a href="#summary">back to summary</a></p>
</body>
</html>
