<!DOCTYPE html>

<html>
  <head>
  <meta charset='utf-8'>
  <title>TestNG reports</title>

    <link type="text/css" href="testng-reports.css" rel="stylesheet" />
    <script type="text/javascript" src="jquery-3.4.1.min.js"></script>
    <script type="text/javascript" src="testng-reports.js"></script>
    <script type="text/javascript" src="https://www.google.com/jsapi"></script>
    <script type='text/javascript'>
      google.load('visualization', '1', {packages:['table']});
      google.setOnLoadCallback(drawTable);
      var suiteTableInitFunctions = new Array();
      var suiteTableData = new Array();
    </script>
    <!--
      <script type="text/javascript" src="jquery-ui/js/jquery-ui-1.8.16.custom.min.js"></script>
     -->
  </head>

  <body>
    <div class="top-banner-root">
      <span class="top-banner-title-font">Test results</span>
      <br/>
      <span class="top-banner-font-1">1 suite</span>
    </div> <!-- top-banner-root -->
    <div class="navigator-root">
      <div class="navigator-suite-header">
        <span>All suites</span>
        <a href="#" class="collapse-all-link" title="Collapse/expand all the suites">
          <img class="collapse-all-icon" src="collapseall.gif">
          </img> <!-- collapse-all-icon -->
        </a> <!-- collapse-all-link -->
      </div> <!-- navigator-suite-header -->
      <div class="suite">
        <div class="rounded-window">
          <div class="suite-header light-rounded-window-top">
            <a href="#" class="navigator-link" panel-name="suite-Nordson_OMU_Web_App_Regression_Tests_on_Chrome">
              <span class="suite-name border-skipped">Nordson OMU Web App Regression Tests on Chrome</span>
            </a> <!-- navigator-link -->
          </div> <!-- suite-header light-rounded-window-top -->
          <div class="navigator-suite-content">
            <div class="suite-section-title">
              <span>Info</span>
            </div> <!-- suite-section-title -->
            <div class="suite-section-content">
              <ul>
                <li>
                  <a href="#" class="navigator-link " panel-name="test-xml-Nordson_OMU_Web_App_Regression_Tests_on_Chrome">
                    <span>C:\Users\Ravi Raj\git\nordsonomu_automation\nordson.omu\testng.xml</span>
                  </a> <!-- navigator-link  -->
                </li>
                <li>
                  <a href="#" class="navigator-link " panel-name="testlist-Nordson_OMU_Web_App_Regression_Tests_on_Chrome">
                    <span class="test-stats">1 test</span>
                  </a> <!-- navigator-link  -->
                </li>
                <li>
                  <a href="#" class="navigator-link " panel-name="group-Nordson_OMU_Web_App_Regression_Tests_on_Chrome">
                    <span>0 groups</span>
                  </a> <!-- navigator-link  -->
                </li>
                <li>
                  <a href="#" class="navigator-link " panel-name="times-Nordson_OMU_Web_App_Regression_Tests_on_Chrome">
                    <span>Times</span>
                  </a> <!-- navigator-link  -->
                </li>
                <li>
                  <a href="#" class="navigator-link " panel-name="reporter-Nordson_OMU_Web_App_Regression_Tests_on_Chrome">
                    <span>Reporter output</span>
                  </a> <!-- navigator-link  -->
                </li>
                <li>
                  <a href="#" class="navigator-link " panel-name="ignored-methods-Nordson_OMU_Web_App_Regression_Tests_on_Chrome">
                    <span>Ignored methods</span>
                  </a> <!-- navigator-link  -->
                </li>
                <li>
                  <a href="#" class="navigator-link " panel-name="chronological-Nordson_OMU_Web_App_Regression_Tests_on_Chrome">
                    <span>Chronological view</span>
                  </a> <!-- navigator-link  -->
                </li>
              </ul>
            </div> <!-- suite-section-content -->
            <div class="result-section">
              <div class="suite-section-title">
                <span>Results</span>
              </div> <!-- suite-section-title -->
              <div class="suite-section-content">
                <ul>
                  <li>
                    <span class="method-stats">2 methods,  2 skipped,  </span>
                  </li>
                  <li>
                    <span class="method-list-title skipped">Skipped methods</span>
                    <span class="show-or-hide-methods skipped">
                      <a href="#" panel-name="suite-Nordson_OMU_Web_App_Regression_Tests_on_Chrome" class="hide-methods skipped suite-Nordson_OMU_Web_App_Regression_Tests_on_Chrome"> (hide)</a> <!-- hide-methods skipped suite-Nordson_OMU_Web_App_Regression_Tests_on_Chrome -->
                      <a href="#" panel-name="suite-Nordson_OMU_Web_App_Regression_Tests_on_Chrome" class="show-methods skipped suite-Nordson_OMU_Web_App_Regression_Tests_on_Chrome"> (show)</a> <!-- show-methods skipped suite-Nordson_OMU_Web_App_Regression_Tests_on_Chrome -->
                    </span>
                    <div class="method-list-content skipped suite-Nordson_OMU_Web_App_Regression_Tests_on_Chrome">
                      <span>
                        <img width="3%" src="skipped.png"/>
                        <a href="#" class="method navigator-link" panel-name="suite-Nordson_OMU_Web_App_Regression_Tests_on_Chrome" title="com.nordson.testCases.TC_VerifyLinkTests_003" hash-for-method="LinksLoginDDT">LinksLoginDDT</a> <!-- method navigator-link -->
                      </span>
                      <br/>
                      <span>
                        <img width="3%" src="skipped.png"/>
                        <a href="#" class="method navigator-link" panel-name="suite-Nordson_OMU_Web_App_Regression_Tests_on_Chrome" title="com.nordson.testCases.TC_LoginTest_DDT_001" hash-for-method="loginDDT">loginDDT</a> <!-- method navigator-link -->
                      </span>
                      <br/>
                    </div> <!-- method-list-content skipped suite-Nordson_OMU_Web_App_Regression_Tests_on_Chrome -->
                  </li>
                </ul>
              </div> <!-- suite-section-content -->
            </div> <!-- result-section -->
          </div> <!-- navigator-suite-content -->
        </div> <!-- rounded-window -->
      </div> <!-- suite -->
    </div> <!-- navigator-root -->
    <div class="wrapper">
      <div class="main-panel-root">
        <div panel-name="suite-Nordson_OMU_Web_App_Regression_Tests_on_Chrome" class="panel Nordson_OMU_Web_App_Regression_Tests_on_Chrome">
          <div class="suite-Nordson_OMU_Web_App_Regression_Tests_on_Chrome-class-skipped">
            <div class="main-panel-header rounded-window-top">
              <img src="skipped.png"/>
              <span class="class-name">com.nordson.testCases.TC_LoginTest_DDT_001</span>
            </div> <!-- main-panel-header rounded-window-top -->
            <div class="main-panel-content rounded-window-bottom">
              <div class="method">
                <div class="method-content">
                  <a name="loginDDT">
                  </a> <!-- loginDDT -->
                  <span class="method-name">loginDDT</span>
                  <div class="stack-trace">org.openqa.selenium.SessionNotCreatedException: session not created: This version of ChromeDriver only supports Chrome version 86
Current browser version is 88.0.4324.146 with binary path C:\Program Files (x86)\Google\Chrome\Application\chrome.exe
Build info: version: &apos;3.141.59&apos;, revision: &apos;e82be7d358&apos;, time: &apos;2018-11-14T08:17:03&apos;
System info: host: &apos;SBWIN604&apos;, ip: &apos;127.0.0.1&apos;, os.name: &apos;Windows 10&apos;, os.arch: &apos;amd64&apos;, os.version: &apos;10.0&apos;, java.version: &apos;1.8.0_221&apos;
Driver info: driver.version: ChromeDriver
remote stacktrace: Backtrace:
	Ordinal0 [0x00D1C013+3194899]
	Ordinal0 [0x00C06021+2056225]
	Ordinal0 [0x00A9F608+587272]
	Ordinal0 [0x00A21BF3+72691]
	Ordinal0 [0x00A1E229+57897]
	Ordinal0 [0x00A1C64A+50762]
	Ordinal0 [0x00A41EE9+204521]
	Ordinal0 [0x00A41D0D+204045]
	Ordinal0 [0x00A3FC1B+195611]
	Ordinal0 [0x00A23B7F+80767]
	Ordinal0 [0x00A24B4E+84814]
	Ordinal0 [0x00A24AD9+84697]
	Ordinal0 [0x00C1CE64+2149988]
	GetHandleVerifier [0x00E8BE95+1400773]
	GetHandleVerifier [0x00E8BB61+1399953]
	GetHandleVerifier [0x00E931FA+1430314]
	GetHandleVerifier [0x00E8C69F+1402831]
	Ordinal0 [0x00C13D61+2112865]
	Ordinal0 [0x00C1E5CB+2155979]
	Ordinal0 [0x00C1E6F5+2156277]
	Ordinal0 [0x00C2F26E+2224750]
	BaseThreadInitThunk [0x763CFA29+25]
	RtlGetAppContainerNamedObjectPath [0x76F775F4+228]
	RtlGetAppContainerNamedObjectPath [0x76F775C4+180]

	at org.openqa.selenium.remote.W3CHandshakeResponse.lambda$errorHandler$0(W3CHandshakeResponse.java:62)
	at org.openqa.selenium.remote.HandshakeResponse.lambda$getResponseFunction$0(HandshakeResponse.java:30)
	at org.openqa.selenium.remote.ProtocolHandshake.lambda$createSession$0(ProtocolHandshake.java:126)
	at java.util.stream.ReferencePipeline$3$1.accept(ReferencePipeline.java:193)
	at java.util.Spliterators$ArraySpliterator.tryAdvance(Spliterators.java:958)
	at java.util.stream.ReferencePipeline.forEachWithCancel(ReferencePipeline.java:126)
	at java.util.stream.AbstractPipeline.copyIntoWithCancel(AbstractPipeline.java:499)
	at java.util.stream.AbstractPipeline.copyInto(AbstractPipeline.java:486)
	at java.util.stream.AbstractPipeline.wrapAndCopyInto(AbstractPipeline.java:472)
	at java.util.stream.FindOps$FindOp.evaluateSequential(FindOps.java:152)
	at java.util.stream.AbstractPipeline.evaluate(AbstractPipeline.java:234)
	at java.util.stream.ReferencePipeline.findFirst(ReferencePipeline.java:464)
	at org.openqa.selenium.remote.ProtocolHandshake.createSession(ProtocolHandshake.java:128)
	at org.openqa.selenium.remote.ProtocolHandshake.createSession(ProtocolHandshake.java:74)
	at org.openqa.selenium.remote.HttpCommandExecutor.execute(HttpCommandExecutor.java:136)
	at org.openqa.selenium.remote.service.DriverCommandExecutor.execute(DriverCommandExecutor.java:83)
	at org.openqa.selenium.remote.RemoteWebDriver.execute(RemoteWebDriver.java:552)
	at org.openqa.selenium.remote.RemoteWebDriver.startSession(RemoteWebDriver.java:213)
	at org.openqa.selenium.remote.RemoteWebDriver.&lt;init&gt;(RemoteWebDriver.java:131)
	at org.openqa.selenium.chrome.ChromeDriver.&lt;init&gt;(ChromeDriver.java:181)
	at org.openqa.selenium.chrome.ChromeDriver.&lt;init&gt;(ChromeDriver.java:168)
	at org.openqa.selenium.chrome.ChromeDriver.&lt;init&gt;(ChromeDriver.java:123)
	at com.nordson.testCases.BaseClass.setUp(BaseClass.java:41)
	at java.util.concurrent.ThreadPoolExecutor.runWorker(ThreadPoolExecutor.java:1149)
	at java.util.concurrent.ThreadPoolExecutor$Worker.run(ThreadPoolExecutor.java:624)
	at java.lang.Thread.run(Thread.java:748)
... Removed 14 stack frames
</div> <!-- stack-trace -->
                </div> <!-- method-content -->
              </div> <!-- method -->
            </div> <!-- main-panel-content rounded-window-bottom -->
          </div> <!-- suite-Nordson_OMU_Web_App_Regression_Tests_on_Chrome-class-skipped -->
          <div class="suite-Nordson_OMU_Web_App_Regression_Tests_on_Chrome-class-skipped">
            <div class="main-panel-header rounded-window-top">
              <img src="skipped.png"/>
              <span class="class-name">com.nordson.testCases.TC_VerifyLinkTests_003</span>
            </div> <!-- main-panel-header rounded-window-top -->
            <div class="main-panel-content rounded-window-bottom">
              <div class="method">
                <div class="method-content">
                  <a name="LinksLoginDDT">
                  </a> <!-- LinksLoginDDT -->
                  <span class="method-name">LinksLoginDDT</span>
                  <div class="stack-trace">org.openqa.selenium.SessionNotCreatedException: session not created: This version of ChromeDriver only supports Chrome version 86
Current browser version is 88.0.4324.146 with binary path C:\Program Files (x86)\Google\Chrome\Application\chrome.exe
Build info: version: &apos;3.141.59&apos;, revision: &apos;e82be7d358&apos;, time: &apos;2018-11-14T08:17:03&apos;
System info: host: &apos;SBWIN604&apos;, ip: &apos;127.0.0.1&apos;, os.name: &apos;Windows 10&apos;, os.arch: &apos;amd64&apos;, os.version: &apos;10.0&apos;, java.version: &apos;1.8.0_221&apos;
Driver info: driver.version: ChromeDriver
remote stacktrace: Backtrace:
	Ordinal0 [0x00D1C013+3194899]
	Ordinal0 [0x00C06021+2056225]
	Ordinal0 [0x00A9F608+587272]
	Ordinal0 [0x00A21BF3+72691]
	Ordinal0 [0x00A1E229+57897]
	Ordinal0 [0x00A1C64A+50762]
	Ordinal0 [0x00A41EE9+204521]
	Ordinal0 [0x00A41D0D+204045]
	Ordinal0 [0x00A3FC1B+195611]
	Ordinal0 [0x00A23B7F+80767]
	Ordinal0 [0x00A24B4E+84814]
	Ordinal0 [0x00A24AD9+84697]
	Ordinal0 [0x00C1CE64+2149988]
	GetHandleVerifier [0x00E8BE95+1400773]
	GetHandleVerifier [0x00E8BB61+1399953]
	GetHandleVerifier [0x00E931FA+1430314]
	GetHandleVerifier [0x00E8C69F+1402831]
	Ordinal0 [0x00C13D61+2112865]
	Ordinal0 [0x00C1E5CB+2155979]
	Ordinal0 [0x00C1E6F5+2156277]
	Ordinal0 [0x00C2F26E+2224750]
	BaseThreadInitThunk [0x763CFA29+25]
	RtlGetAppContainerNamedObjectPath [0x76F775F4+228]
	RtlGetAppContainerNamedObjectPath [0x76F775C4+180]

	at org.openqa.selenium.remote.W3CHandshakeResponse.lambda$errorHandler$0(W3CHandshakeResponse.java:62)
	at org.openqa.selenium.remote.HandshakeResponse.lambda$getResponseFunction$0(HandshakeResponse.java:30)
	at org.openqa.selenium.remote.ProtocolHandshake.lambda$createSession$0(ProtocolHandshake.java:126)
	at java.util.stream.ReferencePipeline$3$1.accept(ReferencePipeline.java:193)
	at java.util.Spliterators$ArraySpliterator.tryAdvance(Spliterators.java:958)
	at java.util.stream.ReferencePipeline.forEachWithCancel(ReferencePipeline.java:126)
	at java.util.stream.AbstractPipeline.copyIntoWithCancel(AbstractPipeline.java:499)
	at java.util.stream.AbstractPipeline.copyInto(AbstractPipeline.java:486)
	at java.util.stream.AbstractPipeline.wrapAndCopyInto(AbstractPipeline.java:472)
	at java.util.stream.FindOps$FindOp.evaluateSequential(FindOps.java:152)
	at java.util.stream.AbstractPipeline.evaluate(AbstractPipeline.java:234)
	at java.util.stream.ReferencePipeline.findFirst(ReferencePipeline.java:464)
	at org.openqa.selenium.remote.ProtocolHandshake.createSession(ProtocolHandshake.java:128)
	at org.openqa.selenium.remote.ProtocolHandshake.createSession(ProtocolHandshake.java:74)
	at org.openqa.selenium.remote.HttpCommandExecutor.execute(HttpCommandExecutor.java:136)
	at org.openqa.selenium.remote.service.DriverCommandExecutor.execute(DriverCommandExecutor.java:83)
	at org.openqa.selenium.remote.RemoteWebDriver.execute(RemoteWebDriver.java:552)
	at org.openqa.selenium.remote.RemoteWebDriver.startSession(RemoteWebDriver.java:213)
	at org.openqa.selenium.remote.RemoteWebDriver.&lt;init&gt;(RemoteWebDriver.java:131)
	at org.openqa.selenium.chrome.ChromeDriver.&lt;init&gt;(ChromeDriver.java:181)
	at org.openqa.selenium.chrome.ChromeDriver.&lt;init&gt;(ChromeDriver.java:168)
	at org.openqa.selenium.chrome.ChromeDriver.&lt;init&gt;(ChromeDriver.java:123)
	at com.nordson.testCases.BaseClass.setUp(BaseClass.java:41)
	at java.util.concurrent.ThreadPoolExecutor.runWorker(ThreadPoolExecutor.java:1149)
	at java.util.concurrent.ThreadPoolExecutor$Worker.run(ThreadPoolExecutor.java:624)
	at java.lang.Thread.run(Thread.java:748)
... Removed 14 stack frames
</div> <!-- stack-trace -->
                </div> <!-- method-content -->
              </div> <!-- method -->
            </div> <!-- main-panel-content rounded-window-bottom -->
          </div> <!-- suite-Nordson_OMU_Web_App_Regression_Tests_on_Chrome-class-skipped -->
        </div> <!-- panel Nordson_OMU_Web_App_Regression_Tests_on_Chrome -->
        <div panel-name="test-xml-Nordson_OMU_Web_App_Regression_Tests_on_Chrome" class="panel">
          <div class="main-panel-header rounded-window-top">
            <span class="header-content">C:\Users\Ravi Raj\git\nordsonomu_automation\nordson.omu\testng.xml</span>
          </div> <!-- main-panel-header rounded-window-top -->
          <div class="main-panel-content rounded-window-bottom">
            <pre>
&lt;?xml version=&quot;1.0&quot; encoding=&quot;UTF-8&quot;?&gt;
&lt;!DOCTYPE suite SYSTEM &quot;https://testng.org/testng-1.0.dtd&quot;&gt;
&lt;suite thread-count=&quot;1&quot; guice-stage=&quot;DEVELOPMENT&quot; name=&quot;Nordson OMU Web App Regression Tests on Chrome&quot; parallel=&quot;methods&quot;&gt;
  &lt;listeners&gt;
    &lt;listener class-name=&quot;com.nordson.utilities.Reporting&quot;/&gt;
    &lt;listener class-name=&quot;org.uncommons.reportng.HTMLReporter&quot;/&gt;
    &lt;listener class-name=&quot;org.uncommons.reportng.JUnitXMLReporter&quot;/&gt;
  &lt;/listeners&gt;
  &lt;test thread-count=&quot;1&quot; name=&quot;Nordson OMU Web App Regression Tests on Chrome&quot; parallel=&quot;methods&quot;&gt;
    &lt;parameter name=&quot;browser&quot; value=&quot;chrome&quot;/&gt;
    &lt;classes&gt;
      &lt;class name=&quot;com.nordson.testCases.TC_VerifyLinkTests_003&quot;/&gt;
      &lt;class name=&quot;com.nordson.testCases.TC_LoginTest_DDT_001&quot;/&gt;
    &lt;/classes&gt;
  &lt;/test&gt; &lt;!-- Nordson OMU Web App Regression Tests on Chrome --&gt;
&lt;/suite&gt; &lt;!-- Nordson OMU Web App Regression Tests on Chrome --&gt;
            </pre>
          </div> <!-- main-panel-content rounded-window-bottom -->
        </div> <!-- panel -->
        <div panel-name="testlist-Nordson_OMU_Web_App_Regression_Tests_on_Chrome" class="panel">
          <div class="main-panel-header rounded-window-top">
            <span class="header-content">Tests for Nordson OMU Web App Regression Tests on Chrome</span>
          </div> <!-- main-panel-header rounded-window-top -->
          <div class="main-panel-content rounded-window-bottom">
            <ul>
              <li>
                <span class="test-name">Nordson OMU Web App Regression Tests on Chrome (2 classes)</span>
              </li>
            </ul>
          </div> <!-- main-panel-content rounded-window-bottom -->
        </div> <!-- panel -->
        <div panel-name="group-Nordson_OMU_Web_App_Regression_Tests_on_Chrome" class="panel">
          <div class="main-panel-header rounded-window-top">
            <span class="header-content">Groups for Nordson OMU Web App Regression Tests on Chrome</span>
          </div> <!-- main-panel-header rounded-window-top -->
          <div class="main-panel-content rounded-window-bottom">
          </div> <!-- main-panel-content rounded-window-bottom -->
        </div> <!-- panel -->
        <div panel-name="times-Nordson_OMU_Web_App_Regression_Tests_on_Chrome" class="panel">
          <div class="main-panel-header rounded-window-top">
            <span class="header-content">Times for Nordson OMU Web App Regression Tests on Chrome</span>
          </div> <!-- main-panel-header rounded-window-top -->
          <div class="main-panel-content rounded-window-bottom">
            <div class="times-div">
              <script type="text/javascript">
suiteTableInitFunctions.push('tableData_Nordson_OMU_Web_App_Regression_Tests_on_Chrome');
function tableData_Nordson_OMU_Web_App_Regression_Tests_on_Chrome() {
var data = new google.visualization.DataTable();
data.addColumn('number', 'Number');
data.addColumn('string', 'Method');
data.addColumn('string', 'Class');
data.addColumn('number', 'Time (ms)');
data.addRows(2);
data.setCell(0, 0, 0)
data.setCell(0, 1, 'LinksLoginDDT')
data.setCell(0, 2, 'com.nordson.testCases.TC_VerifyLinkTests_003')
data.setCell(0, 3, 0);
data.setCell(1, 0, 1)
data.setCell(1, 1, 'loginDDT')
data.setCell(1, 2, 'com.nordson.testCases.TC_LoginTest_DDT_001')
data.setCell(1, 3, 0);
window.suiteTableData['Nordson_OMU_Web_App_Regression_Tests_on_Chrome']= { tableData: data, tableDiv: 'times-div-Nordson_OMU_Web_App_Regression_Tests_on_Chrome'}
return data;
}
              </script>
              <span class="suite-total-time">Total running time: 0 ms</span>
              <div id="times-div-Nordson_OMU_Web_App_Regression_Tests_on_Chrome">
              </div> <!-- times-div-Nordson_OMU_Web_App_Regression_Tests_on_Chrome -->
            </div> <!-- times-div -->
          </div> <!-- main-panel-content rounded-window-bottom -->
        </div> <!-- panel -->
        <div panel-name="reporter-Nordson_OMU_Web_App_Regression_Tests_on_Chrome" class="panel">
          <div class="main-panel-header rounded-window-top">
            <span class="header-content">Reporter output for Nordson OMU Web App Regression Tests on Chrome</span>
          </div> <!-- main-panel-header rounded-window-top -->
          <div class="main-panel-content rounded-window-bottom">
          </div> <!-- main-panel-content rounded-window-bottom -->
        </div> <!-- panel -->
        <div panel-name="ignored-methods-Nordson_OMU_Web_App_Regression_Tests_on_Chrome" class="panel">
          <div class="main-panel-header rounded-window-top">
            <span class="header-content">0 ignored methods</span>
          </div> <!-- main-panel-header rounded-window-top -->
          <div class="main-panel-content rounded-window-bottom">
          </div> <!-- main-panel-content rounded-window-bottom -->
        </div> <!-- panel -->
        <div panel-name="chronological-Nordson_OMU_Web_App_Regression_Tests_on_Chrome" class="panel">
          <div class="main-panel-header rounded-window-top">
            <span class="header-content">Methods in chronological order</span>
          </div> <!-- main-panel-header rounded-window-top -->
          <div class="main-panel-content rounded-window-bottom">
            <div class="chronological-class">
              <div class="chronological-class-name">com.nordson.testCases.TC_VerifyLinkTests_003</div> <!-- chronological-class-name -->
              <div class="configuration-class before">
                <img src="failed.png">
                </img>
                <span class="method-name">setUp(chrome)</span>
                <span class="method-start">0 ms</span>
              </div> <!-- configuration-class before -->
              <div class="test-method">
                <span class="method-name">LinksLoginDDT</span>
                <span class="method-start">3044 ms</span>
              </div> <!-- test-method -->
              <div class="configuration-class after">
                <span class="method-name">tearDown</span>
                <span class="method-start">3063 ms</span>
              </div> <!-- configuration-class after -->
            </div> <!-- chronological-class -->
            <div class="chronological-class">
              <div class="chronological-class-name">com.nordson.testCases.TC_LoginTest_DDT_001</div> <!-- chronological-class-name -->
              <div class="configuration-class before">
                <img src="failed.png">
                </img>
                <span class="method-name">setUp(chrome)</span>
                <span class="method-start">3064 ms</span>
              </div> <!-- configuration-class before -->
              <div class="test-method">
                <span class="method-name">loginDDT</span>
                <span class="method-start">4777 ms</span>
              </div> <!-- test-method -->
              <div class="configuration-class after">
                <span class="method-name">tearDown</span>
                <span class="method-start">4784 ms</span>
              </div> <!-- configuration-class after -->
          </div> <!-- main-panel-content rounded-window-bottom -->
        </div> <!-- panel -->
      </div> <!-- main-panel-root -->
    </div> <!-- wrapper -->
  </body>
</html>
