<?xml version="1.0" encoding="UTF-8"?>
<!-- Generated by org.testng.reporters.JUnitReportReporter -->
<testsuite skipped="1" hostname="SBWIN604" name="com.nordson.testCases.TC_LoginTest_DDT_001" tests="2" failures="0" timestamp="2021-02-09T21:56:53 IST" time="1.604" errors="1">
  <testcase name="loginDDT" time="0.000" classname="com.nordson.testCases.TC_LoginTest_DDT_001">
    <skipped/>
  </testcase> <!-- loginDDT -->
  <system-out/>
  <testcase name="setUp" time="1.604" classname="com.nordson.testCases.TC_LoginTest_DDT_001">
    <error type="org.openqa.selenium.SessionNotCreatedException" message="session not created: This version of ChromeDriver only supports Chrome version 86
Current browser version is 88.0.4324.146 with binary path C:\Program Files (x86)\Google\Chrome\Application\chrome.exe
Build info: version: &#039;3.141.59&#039;, revision: &#039;e82be7d358&#039;, time: &#039;2018-11-14T08:17:03&#039;
System info: host: &#039;SBWIN604&#039;, ip: &#039;127.0.0.1&#039;, os.name: &#039;Windows 10&#039;, os.arch: &#039;amd64&#039;, os.version: &#039;10.0&#039;, java.version: &#039;1.8.0_221&#039;
Driver info: driver.version: ChromeDriver
remote stacktrace: Backtrace:
	Ordinal0 [0x00D1C013+3194899]
	Ordinal0 [0x00C06021+2056225]
	Ordinal0 [0x00A9F608+587272]
	Ordinal0 [0x00A21BF3+72691]
	Ordinal0 [0x00A1E229+57897]
	Ordinal0 [0x00A1C64A+50762]
	Ordinal0 [0x00A41EE9+204521]
	Ordinal0 [0x00A41D0D+204045]
	Ordinal0 [0x00A3FC1B+195611]
	Ordinal0 [0x00A23B7F+80767]
	Ordinal0 [0x00A24B4E+84814]
	Ordinal0 [0x00A24AD9+84697]
	Ordinal0 [0x00C1CE64+2149988]
	GetHandleVerifier [0x00E8BE95+1400773]
	GetHandleVerifier [0x00E8BB61+1399953]
	GetHandleVerifier [0x00E931FA+1430314]
	GetHandleVerifier [0x00E8C69F+1402831]
	Ordinal0 [0x00C13D61+2112865]
	Ordinal0 [0x00C1E5CB+2155979]
	Ordinal0 [0x00C1E6F5+2156277]
	Ordinal0 [0x00C2F26E+2224750]
	BaseThreadInitThunk [0x763CFA29+25]
	RtlGetAppContainerNamedObjectPath [0x76F775F4+228]
	RtlGetAppContainerNamedObjectPath [0x76F775C4+180]
">
      <![CDATA[org.openqa.selenium.SessionNotCreatedException: session not created: This version of ChromeDriver only supports Chrome version 86
Current browser version is 88.0.4324.146 with binary path C:\Program Files (x86)\Google\Chrome\Application\chrome.exe
Build info: version: '3.141.59', revision: 'e82be7d358', time: '2018-11-14T08:17:03'
System info: host: 'SBWIN604', ip: '127.0.0.1', os.name: 'Windows 10', os.arch: 'amd64', os.version: '10.0', java.version: '1.8.0_221'
Driver info: driver.version: ChromeDriver
remote stacktrace: Backtrace:
Ordinal0 [0x00D1C013+3194899]
Ordinal0 [0x00C06021+2056225]
Ordinal0 [0x00A9F608+587272]
Ordinal0 [0x00A21BF3+72691]
Ordinal0 [0x00A1E229+57897]
Ordinal0 [0x00A1C64A+50762]
Ordinal0 [0x00A41EE9+204521]
Ordinal0 [0x00A41D0D+204045]
Ordinal0 [0x00A3FC1B+195611]
Ordinal0 [0x00A23B7F+80767]
Ordinal0 [0x00A24B4E+84814]
Ordinal0 [0x00A24AD9+84697]
Ordinal0 [0x00C1CE64+2149988]
GetHandleVerifier [0x00E8BE95+1400773]
GetHandleVerifier [0x00E8BB61+1399953]
GetHandleVerifier [0x00E931FA+1430314]
GetHandleVerifier [0x00E8C69F+1402831]
Ordinal0 [0x00C13D61+2112865]
Ordinal0 [0x00C1E5CB+2155979]
Ordinal0 [0x00C1E6F5+2156277]
Ordinal0 [0x00C2F26E+2224750]
BaseThreadInitThunk [0x763CFA29+25]
RtlGetAppContainerNamedObjectPath [0x76F775F4+228]
RtlGetAppContainerNamedObjectPath [0x76F775C4+180]

at sun.reflect.NativeConstructorAccessorImpl.newInstance0(Native Method)
at sun.reflect.NativeConstructorAccessorImpl.newInstance(NativeConstructorAccessorImpl.java:62)
at sun.reflect.DelegatingConstructorAccessorImpl.newInstance(DelegatingConstructorAccessorImpl.java:45)
at java.lang.reflect.Constructor.newInstance(Constructor.java:423)
at org.openqa.selenium.remote.W3CHandshakeResponse.lambda$errorHandler$0(W3CHandshakeResponse.java:62)
at org.openqa.selenium.remote.HandshakeResponse.lambda$getResponseFunction$0(HandshakeResponse.java:30)
at org.openqa.selenium.remote.ProtocolHandshake.lambda$createSession$0(ProtocolHandshake.java:126)
at java.util.stream.ReferencePipeline$3$1.accept(ReferencePipeline.java:193)
at java.util.Spliterators$ArraySpliterator.tryAdvance(Spliterators.java:958)
at java.util.stream.ReferencePipeline.forEachWithCancel(ReferencePipeline.java:126)
at java.util.stream.AbstractPipeline.copyIntoWithCancel(AbstractPipeline.java:499)
at java.util.stream.AbstractPipeline.copyInto(AbstractPipeline.java:486)
at java.util.stream.AbstractPipeline.wrapAndCopyInto(AbstractPipeline.java:472)
at java.util.stream.FindOps$FindOp.evaluateSequential(FindOps.java:152)
at java.util.stream.AbstractPipeline.evaluate(AbstractPipeline.java:234)
at java.util.stream.ReferencePipeline.findFirst(ReferencePipeline.java:464)
at org.openqa.selenium.remote.ProtocolHandshake.createSession(ProtocolHandshake.java:128)
at org.openqa.selenium.remote.ProtocolHandshake.createSession(ProtocolHandshake.java:74)
at org.openqa.selenium.remote.HttpCommandExecutor.execute(HttpCommandExecutor.java:136)
at org.openqa.selenium.remote.service.DriverCommandExecutor.execute(DriverCommandExecutor.java:83)
at org.openqa.selenium.remote.RemoteWebDriver.execute(RemoteWebDriver.java:552)
at org.openqa.selenium.remote.RemoteWebDriver.startSession(RemoteWebDriver.java:213)
at org.openqa.selenium.remote.RemoteWebDriver.<init>(RemoteWebDriver.java:131)
at org.openqa.selenium.chrome.ChromeDriver.<init>(ChromeDriver.java:181)
at org.openqa.selenium.chrome.ChromeDriver.<init>(ChromeDriver.java:168)
at org.openqa.selenium.chrome.ChromeDriver.<init>(ChromeDriver.java:123)
at com.nordson.testCases.BaseClass.setUp(BaseClass.java:41)
at sun.reflect.NativeMethodAccessorImpl.invoke0(Native Method)
at sun.reflect.NativeMethodAccessorImpl.invoke(NativeMethodAccessorImpl.java:62)
at sun.reflect.DelegatingMethodAccessorImpl.invoke(DelegatingMethodAccessorImpl.java:43)
at java.lang.reflect.Method.invoke(Method.java:498)
at org.testng.internal.MethodInvocationHelper.invokeMethod(MethodInvocationHelper.java:134)
at org.testng.internal.MethodInvocationHelper.invokeMethodConsideringTimeout(MethodInvocationHelper.java:63)
at org.testng.internal.ConfigInvoker.invokeConfigurationMethod(ConfigInvoker.java:348)
at org.testng.internal.ConfigInvoker.invokeConfigurations(ConfigInvoker.java:302)
at org.testng.internal.TestMethodWorker.invokeBeforeClassMethods(TestMethodWorker.java:176)
at org.testng.internal.TestMethodWorker.run(TestMethodWorker.java:122)
at java.util.concurrent.ThreadPoolExecutor.runWorker(ThreadPoolExecutor.java:1149)
at java.util.concurrent.ThreadPoolExecutor$Worker.run(ThreadPoolExecutor.java:624)
at java.lang.Thread.run(Thread.java:748)
]]>
    </error>
  </testcase> <!-- setUp -->
  <system-out/>
</testsuite> <!-- com.nordson.testCases.TC_LoginTest_DDT_001 -->
